{"C:\\Users\\aluno.SENACLAB\\Desktop\\tutorial-testes-unitarios\\plano-teste\\sistemaAlunos.js": {"path":"C:\\Users\\aluno.SENACLAB\\Desktop\\tutorial-testes-unitarios\\plano-teste\\sistemaAlunos.js","statementMap":{"0":{"start":{"line":12,"column":2},"end":{"line":14,"column":3}},"1":{"start":{"line":13,"column":4},"end":{"line":13,"column":13}},"2":{"start":{"line":16,"column":15},"end":{"line":16,"column":57}},"3":{"start":{"line":16,"column":43},"end":{"line":16,"column":53}},"4":{"start":{"line":17,"column":2},"end":{"line":17,"column":50}},"5":{"start":{"line":30,"column":2},"end":{"line":32,"column":3}},"6":{"start":{"line":31,"column":4},"end":{"line":31,"column":64}},"7":{"start":{"line":34,"column":2},"end":{"line":40,"column":3}},"8":{"start":{"line":35,"column":4},"end":{"line":35,"column":22}},"9":{"start":{"line":36,"column":9},"end":{"line":40,"column":3}},"10":{"start":{"line":37,"column":4},"end":{"line":37,"column":25}},"11":{"start":{"line":39,"column":4},"end":{"line":39,"column":23}},"12":{"start":{"line":43,"column":0},"end":{"line":46,"column":2}}},"fnMap":{"0":{"name":"calcularMedia","decl":{"start":{"line":11,"column":9},"end":{"line":11,"column":22}},"loc":{"start":{"line":11,"column":30},"end":{"line":18,"column":1}},"line":11},"1":{"name":"(anonymous_1)","decl":{"start":{"line":16,"column":28},"end":{"line":16,"column":29}},"loc":{"start":{"line":16,"column":43},"end":{"line":16,"column":53}},"line":16},"2":{"name":"verificarStatus","decl":{"start":{"line":29,"column":9},"end":{"line":29,"column":24}},"loc":{"start":{"line":29,"column":32},"end":{"line":41,"column":1}},"line":29}},"branchMap":{"0":{"loc":{"start":{"line":12,"column":2},"end":{"line":14,"column":3}},"type":"if","locations":[{"start":{"line":12,"column":2},"end":{"line":14,"column":3}},{"start":{},"end":{}}],"line":12},"1":{"loc":{"start":{"line":12,"column":6},"end":{"line":12,"column":49}},"type":"binary-expr","locations":[{"start":{"line":12,"column":6},"end":{"line":12,"column":27}},{"start":{"line":12,"column":31},"end":{"line":12,"column":49}}],"line":12},"2":{"loc":{"start":{"line":30,"column":2},"end":{"line":32,"column":3}},"type":"if","locations":[{"start":{"line":30,"column":2},"end":{"line":32,"column":3}},{"start":{},"end":{}}],"line":30},"3":{"loc":{"start":{"line":30,"column":6},"end":{"line":30,"column":29}},"type":"binary-expr","locations":[{"start":{"line":30,"column":6},"end":{"line":30,"column":15}},{"start":{"line":30,"column":19},"end":{"line":30,"column":29}}],"line":30},"4":{"loc":{"start":{"line":34,"column":2},"end":{"line":40,"column":3}},"type":"if","locations":[{"start":{"line":34,"column":2},"end":{"line":40,"column":3}},{"start":{"line":36,"column":9},"end":{"line":40,"column":3}}],"line":34},"5":{"loc":{"start":{"line":36,"column":9},"end":{"line":40,"column":3}},"type":"if","locations":[{"start":{"line":36,"column":9},"end":{"line":40,"column":3}},{"start":{"line":38,"column":9},"end":{"line":40,"column":3}}],"line":36}},"s":{"0":5,"1":2,"2":3,"3":9,"4":3,"5":8,"6":2,"7":6,"8":2,"9":4,"10":2,"11":2,"12":1},"f":{"0":5,"1":9,"2":8},"b":{"0":[2,3],"1":[5,4],"2":[2,6],"3":[8,7],"4":[2,4],"5":[2,2]},"_coverageSchema":"1a1c01bbd47fc00a2c39e90264f33305004495a9","hash":"4023040deef2978cfc435bfd0077be9fd2f6c5a9"}
}
